<?xml version="1.0" encoding="UTF-8"?>
<!-- Generated by org.testng.reporters.JUnitReportReporter -->
<testsuite name="cucumberOptions.TestRunner" tests="1" time="102.453" ignored="0" failures="0" timestamp="19 Jan 2021 06:59:20 GMT" skipped="0" hostname="DESKTOP-2D9RR5F" errors="0">
  <testcase name="feature" time="102.453" classname="cucumberOptions.TestRunner"/>
</testsuite> <!-- cucumberOptions.TestRunner -->
