<?xml version="1.0" encoding="UTF-8"?>
<!-- Generated by org.testng.reporters.JUnitReportReporter -->
<testsuite name="cucumberOptions.TestRunner" tests="1" time="67.804" ignored="0" failures="0" timestamp="20 Jan 2021 10:45:01 GMT" skipped="0" hostname="DESKTOP-2D9RR5F" errors="0">
  <testcase name="feature" time="67.804" classname="cucumberOptions.TestRunner"/>
</testsuite> <!-- cucumberOptions.TestRunner -->
