<?xml version="1.0" encoding="UTF-8"?>
<!-- Generated by org.testng.reporters.JUnitReportReporter -->
<testsuite hostname="DML-ADang" failures="0" tests="1" name="cucumberOptions.TestRunner" time="0.636" errors="0" timestamp="5 Jan 2021 06:47:22 GMT">
  <testcase classname="cucumberOptions.TestRunner" name="feature" time="0.636"/>
</testsuite> <!-- cucumberOptions.TestRunner -->
