<?xml version="1.0" encoding="UTF-8"?>
<!-- Generated by org.testng.reporters.JUnitReportReporter -->
<testsuite hostname="DML-ADang" failures="0" tests="1" name="cucumberOptions.TestRunner" time="80.776" errors="0" timestamp="15 Jan 2021 11:50:41 GMT">
  <testcase classname="cucumberOptions.TestRunner" name="feature" time="80.776"/>
</testsuite> <!-- cucumberOptions.TestRunner -->
